Build started 29.07.2015 15:21:16.
     1>Project "C:\Users\xxvs0026\Documents\Visual Studio 2012\Projects\WordPathsOScompliant\WordPaths\TestWordPaths\TestWordPaths.vcxproj" on node 3 (Build target(s)).
     1>ClCompile:
         C:\Program Files (x86)\Microsoft Visual Studio 11.0\VC\bin\CL.exe /c /I"C:\Users\xxvs0026\Documents\Visual Studio 2012\Projects\WordPaths\TestWordPaths\cppunit\include" /Zi /nologo /W3 /WX- /sdl /Od /Oy- /D WIN32 /D NDEBUG /D _CONSOLE /D _CRT_SECURE_NO_WARNINGS /D _UNICODE /D UNICODE /Gm /EHsc /RTC1 /MDd /GS /fp:precise /Zc:wchar_t /Zc:forScope /Yu"stdafx.h" /Fp"Debug\TestWordPaths.pch" /Fo"Debug\\" /Fd"Debug\vc110.pdb" /Gd /TP /analyze- /errorReport:prompt ..\WordPaths\Node.cpp ..\WordPaths\functions.cpp TestWordPaths.cpp WordPathsTestCase.cpp
         WordPathsTestCase.cpp
     1>WordPathsTestCase.cpp(1): warning C4627: '#include "WordPathsTestCase.h"': skipped when looking for precompiled header use
                 Add directive to 'stdafx.h' or rebuild precompiled header
     1>WordPathsTestCase.cpp(72): fatal error C1010: unexpected end of file while looking for precompiled header. Did you forget to add '#include "stdafx.h"' to your source?
         TestWordPaths.cpp
     1>TestWordPaths.cpp(1): warning C4627: '#include <cppunit/CompilerOutputter.h>': skipped when looking for precompiled header use
                 Add directive to 'stdafx.h' or rebuild precompiled header
     1>TestWordPaths.cpp(2): warning C4627: '#include <cppunit/extensions/TestFactoryRegistry.h>': skipped when looking for precompiled header use
                 Add directive to 'stdafx.h' or rebuild precompiled header
     1>TestWordPaths.cpp(3): warning C4627: '#include <cppunit/ui/text/TestRunner.h>': skipped when looking for precompiled header use
                 Add directive to 'stdafx.h' or rebuild precompiled header
     1>TestWordPaths.cpp(5): warning C4627: '#include "WordPathsTestCase.h"': skipped when looking for precompiled header use
                 Add directive to 'stdafx.h' or rebuild precompiled header
     1>TestWordPaths.cpp(20): fatal error C1010: unexpected end of file while looking for precompiled header. Did you forget to add '#include "stdafx.h"' to your source?
         functions.cpp
     1>..\WordPaths\functions.cpp(1): warning C4627: '#include "functions.h"': skipped when looking for precompiled header use
                 Add directive to 'stdafx.h' or rebuild precompiled header
     1>..\WordPaths\functions.cpp(3): warning C4627: '#include "errno.h"': skipped when looking for precompiled header use
                 Add directive to 'stdafx.h' or rebuild precompiled header
     1>..\WordPaths\functions.cpp(4): warning C4627: '#include <iostream>': skipped when looking for precompiled header use
                 Add directive to 'stdafx.h' or rebuild precompiled header
     1>..\WordPaths\functions.cpp(5): warning C4627: '#include <sstream>': skipped when looking for precompiled header use
                 Add directive to 'stdafx.h' or rebuild precompiled header
     1>..\WordPaths\functions.cpp(6): warning C4627: '#include <string>': skipped when looking for precompiled header use
                 Add directive to 'stdafx.h' or rebuild precompiled header
     1>..\WordPaths\functions.cpp(7): warning C4627: '#include <cstring>': skipped when looking for precompiled header use
                 Add directive to 'stdafx.h' or rebuild precompiled header
     1>..\WordPaths\functions.cpp(8): warning C4627: '#include <fstream>': skipped when looking for precompiled header use
                 Add directive to 'stdafx.h' or rebuild precompiled header
     1>..\WordPaths\functions.cpp(9): warning C4627: '#include <vector>': skipped when looking for precompiled header use
                 Add directive to 'stdafx.h' or rebuild precompiled header
     1>..\WordPaths\functions.cpp(10): warning C4627: '#include <iterator>': skipped when looking for precompiled header use
                 Add directive to 'stdafx.h' or rebuild precompiled header
     1>..\WordPaths\functions.cpp(67): fatal error C1010: unexpected end of file while looking for precompiled header. Did you forget to add '#include "stdafx.h"' to your source?
         Node.cpp
     1>..\WordPaths\Node.cpp(1): warning C4627: '#include "node.h"': skipped when looking for precompiled header use
                 Add directive to 'stdafx.h' or rebuild precompiled header
     1>..\WordPaths\Node.cpp(3): warning C4627: '#include <iostream>': skipped when looking for precompiled header use
                 Add directive to 'stdafx.h' or rebuild precompiled header
     1>..\WordPaths\Node.cpp(4): warning C4627: '#include <sstream>': skipped when looking for precompiled header use
                 Add directive to 'stdafx.h' or rebuild precompiled header
     1>..\WordPaths\Node.cpp(5): warning C4627: '#include <string>': skipped when looking for precompiled header use
                 Add directive to 'stdafx.h' or rebuild precompiled header
     1>..\WordPaths\Node.cpp(6): warning C4627: '#include <fstream>': skipped when looking for precompiled header use
                 Add directive to 'stdafx.h' or rebuild precompiled header
     1>..\WordPaths\Node.cpp(7): warning C4627: '#include <algorithm>': skipped when looking for precompiled header use
                 Add directive to 'stdafx.h' or rebuild precompiled header
     1>..\WordPaths\Node.cpp(8): warning C4627: '#include <vector>': skipped when looking for precompiled header use
                 Add directive to 'stdafx.h' or rebuild precompiled header
     1>..\WordPaths\Node.cpp(9): warning C4627: '#include <iterator>': skipped when looking for precompiled header use
                 Add directive to 'stdafx.h' or rebuild precompiled header
     1>..\WordPaths\Node.cpp(95): fatal error C1010: unexpected end of file while looking for precompiled header. Did you forget to add '#include "stdafx.h"' to your source?
         Generating Code...
     1>Done Building Project "C:\Users\xxvs0026\Documents\Visual Studio 2012\Projects\WordPathsOScompliant\WordPaths\TestWordPaths\TestWordPaths.vcxproj" (Build target(s)) -- FAILED.

Build FAILED.

Time Elapsed 00:00:00.09
